make.exe --dry-run --keep-going --print-directory
make: Entering directory 'c:/Users/kabir/Desktop/Uni Notes/2A/CS246/final project/CC3K'
g++ -std=c++14 -Wall -MMD -g -Werror=vla   -c -o main.o main.cc
g++ -std=c++14 -Wall -MMD -g -Werror=vla   -c -o game.o game.cc
g++ -std=c++14 -Wall -MMD -g -Werror=vla   -c -o character.o character.cc
g++ -std=c++14 -Wall -MMD -g -Werror=vla   -c -o player.o player.cc
g++ -std=c++14 -Wall -MMD -g -Werror=vla   -c -o enemy.o enemy.cc
g++ -std=c++14 -Wall -MMD -g -Werror=vla   -c -o human.o human.cc
g++ -std=c++14 -Wall -MMD -g -Werror=vla   -c -o vampire.o vampire.cc
g++ -std=c++14 -Wall -MMD -g -Werror=vla   -c -o dragon.o dragon.cc
g++ -std=c++14 -Wall -MMD -g -Werror=vla   -c -o troll.o troll.cc
g++ -std=c++14 -Wall -MMD -g -Werror=vla   -c -o merchant.o merchant.cc
g++ -std=c++14 -Wall -MMD -g -Werror=vla   -c -o phoenix.o phoenix.cc
g++ -std=c++14 -Wall -MMD -g -Werror=vla   -c -o werewolf.o werewolf.cc
g++ -std=c++14 -Wall -MMD -g -Werror=vla   -c -o goblin.o goblin.cc
g++ -std=c++14 -Wall -MMD -g -Werror=vla   -c -o item.o item.cc
g++ -std=c++14 -Wall -MMD -g -Werror=vla   -c -o potion.o potion.cc
g++ -std=c++14 -Wall -MMD -g -Werror=vla   -c -o gold.o gold.cc
g++ -std=c++14 -Wall -MMD -g -Werror=vla   -c -o dragonhoard.o dragonhoard.cc
g++ -std=c++14 -Wall -MMD -g -Werror=vla   -c -o barriersuit.o barriersuit.cc
g++ -std=c++14 -Wall -MMD -g -Werror=vla   -c -o buff.o buff.cc
g++ -std=c++14 -Wall -MMD -g -Werror=vla   -c -o atkbuff.o atkbuff.cc
g++ -std=c++14 -Wall -MMD -g -Werror=vla   -c -o defbuff.o defbuff.cc
g++ -std=c++14 -Wall -MMD -g -Werror=vla   -c -o compass.o compass.cc
g++ -std=c++14 -Wall -MMD -g -Werror=vla   -c -o dwarf.o dwarf.cc
g++ -std=c++14 -Wall -MMD -g -Werror=vla   -c -o elf.o elf.cc
g++ -std=c++14 -Wall -MMD -g -Werror=vla   -c -o mapDetection.o mapDetection.cc
g++ -std=c++14 -Wall -MMD -g -Werror=vla   -c -o orc.o orc.cc
g++ -std=c++14 -Wall -MMD -g -Werror=vla   -c -o randoms.o randoms.cc
g++ -std=c++14 -Wall -MMD -g -Werror=vla   -c -o god.o god.cc
g++ -std=c++14 -Wall -MMD -g -Werror=vla   -c -o magicarcher.o magicarcher.cc
g++ -std=c++14 -Wall -MMD -g -Werror=vla   -c -o valkyrie.o valkyrie.cc
g++ -std=c++14 -Wall -MMD -g -Werror=vla main.o game.o character.o player.o enemy.o human.o vampire.o dragon.o troll.o merchant.o phoenix.o werewolf.o goblin.o item.o potion.o gold.o dragonhoard.o barriersuit.o buff.o atkbuff.o defbuff.o compass.o dwarf.o elf.o mapDetection.o orc.o randoms.o god.o magicarcher.o valkyrie.o -o cc3k
make: Leaving directory 'c:/Users/kabir/Desktop/Uni Notes/2A/CS246/final project/CC3K'
 
